[2014-12-01 15:56:23.334] [INFO] pomelo - [32m[/Users/bob/personal_repos/AirlineHumanResourceManagement/message-push-service/game-server/node_modules/pomelo/lib/application.js] [39mapplication inited: "geo-server-1"
[2014-12-01 15:56:23.993] [INFO] pomelo - [32m[/Users/bob/personal_repos/AirlineHumanResourceManagement/message-push-service/game-server/node_modules/pomelo/lib/application.js] [39m"geo-server-1" enter after start...
[2014-12-01 15:56:23.994] [INFO] pomelo - [32m[/Users/bob/personal_repos/AirlineHumanResourceManagement/message-push-service/game-server/node_modules/pomelo/lib/application.js] [39m"geo-server-1" finish start
[2014-12-01 15:56:23.995] [INFO] pomelo - [32m[/Users/bob/personal_repos/AirlineHumanResourceManagement/message-push-service/game-server/node_modules/pomelo/lib/application.js] [39m"geo-server-1" startup in 648 ms
[2014-12-01 16:08:08.432] [INFO] pomelo - [32m[/Users/bob/personal_repos/AirlineHumanResourceManagement/message-push-service/game-server/node_modules/pomelo/lib/application.js] [39mapplication inited: "geo-server-1"
[2014-12-01 16:08:09.069] [INFO] pomelo - [32m[/Users/bob/personal_repos/AirlineHumanResourceManagement/message-push-service/game-server/node_modules/pomelo/lib/application.js] [39m"geo-server-1" enter after start...
[2014-12-01 16:08:09.071] [INFO] pomelo - [32m[/Users/bob/personal_repos/AirlineHumanResourceManagement/message-push-service/game-server/node_modules/pomelo/lib/application.js] [39m"geo-server-1" finish start
[2014-12-01 16:08:09.072] [INFO] pomelo - [32m[/Users/bob/personal_repos/AirlineHumanResourceManagement/message-push-service/game-server/node_modules/pomelo/lib/application.js] [39m"geo-server-1" startup in 628 ms
[2014-12-01 16:08:09.079] [DEBUG] pomelo - [36m[/Users/bob/personal_repos/AirlineHumanResourceManagement/message-push-service/game-server/node_modules/pomelo/lib/modules/monitorwatcher.js] [39m[geo-server-1] receive addServer signal: {"action":"addServer","server":{"main":"/Users/bob/personal_repos/AirlineHumanResourceManagement/message-push-service/game-server/app.js","env":"development","id":"connector-server-1","host":"127.0.0.1","port":9928,"clientPort":9927,"frontend":"true","serverType":"connector","pid":6314}}
[2014-12-01 16:23:40.998] [INFO] pomelo - [32m[/Users/bob/personal_repos/AirlineHumanResourceManagement/message-push-service/game-server/node_modules/pomelo/lib/application.js] [39mapplication inited: "geo-server-1"
[2014-12-01 16:23:41.721] [INFO] pomelo - [32m[/Users/bob/personal_repos/AirlineHumanResourceManagement/message-push-service/game-server/node_modules/pomelo/lib/application.js] [39m"geo-server-1" enter after start...
[2014-12-01 16:23:41.723] [INFO] pomelo - [32m[/Users/bob/personal_repos/AirlineHumanResourceManagement/message-push-service/game-server/node_modules/pomelo/lib/application.js] [39m"geo-server-1" finish start
[2014-12-01 16:23:41.723] [INFO] pomelo - [32m[/Users/bob/personal_repos/AirlineHumanResourceManagement/message-push-service/game-server/node_modules/pomelo/lib/application.js] [39m"geo-server-1" startup in 709 ms
[2014-12-01 16:23:41.726] [DEBUG] pomelo - [36m[/Users/bob/personal_repos/AirlineHumanResourceManagement/message-push-service/game-server/node_modules/pomelo/lib/modules/monitorwatcher.js] [39m[geo-server-1] receive addServer signal: {"action":"addServer","server":{"main":"/Users/bob/personal_repos/AirlineHumanResourceManagement/message-push-service/game-server/app.js","env":"development","id":"connector-server-1","host":"127.0.0.1","port":9928,"clientPort":9927,"frontend":"true","serverType":"connector","pid":7008}}
[2014-12-01 16:25:06.849] [INFO] pomelo - [32m[/Users/bob/personal_repos/AirlineHumanResourceManagement/message-push-service/game-server/node_modules/pomelo/lib/application.js] [39mapplication inited: "geo-server-1"
[2014-12-01 16:25:07.529] [INFO] pomelo - [32m[/Users/bob/personal_repos/AirlineHumanResourceManagement/message-push-service/game-server/node_modules/pomelo/lib/application.js] [39m"geo-server-1" enter after start...
[2014-12-01 16:25:07.532] [INFO] pomelo - [32m[/Users/bob/personal_repos/AirlineHumanResourceManagement/message-push-service/game-server/node_modules/pomelo/lib/application.js] [39m"geo-server-1" finish start
[2014-12-01 16:25:07.533] [INFO] pomelo - [32m[/Users/bob/personal_repos/AirlineHumanResourceManagement/message-push-service/game-server/node_modules/pomelo/lib/application.js] [39m"geo-server-1" startup in 670 ms
[2014-12-01 16:25:07.542] [DEBUG] pomelo - [36m[/Users/bob/personal_repos/AirlineHumanResourceManagement/message-push-service/game-server/node_modules/pomelo/lib/modules/monitorwatcher.js] [39m[geo-server-1] receive addServer signal: {"action":"addServer","server":{"main":"/Users/bob/personal_repos/AirlineHumanResourceManagement/message-push-service/game-server/app.js","env":"development","id":"connector-server-1","host":"127.0.0.1","port":9928,"clientPort":9927,"frontend":"true","serverType":"connector","pid":7118}}
[2014-12-01 16:25:34.491] [DEBUG] pomelo - [36m[/Users/bob/personal_repos/AirlineHumanResourceManagement/message-push-service/game-server/node_modules/pomelo/lib/common/service/channelService.js] [39m[geo-server-1] channelService sendMessageByGroup route: Geo, msg: {"location":["1.001","2.002"],"username":"asdasd","distance":110575}, groups: {"connector-server-1":["debugger*com.avatar.airline_hrms#uniq_key_here"]}, opts: undefined
[2014-12-01 16:25:47.289] [DEBUG] pomelo - [36m[/Users/bob/personal_repos/AirlineHumanResourceManagement/message-push-service/game-server/node_modules/pomelo/lib/common/service/channelService.js] [39m[geo-server-1] channelService sendMessageByGroup route: Geo, msg: {"location":["1.657","2.871"],"username":"asdasd","distance":103901}, groups: {"connector-server-1":["debugger*com.avatar.airline_hrms#uniq_key_here"]}, opts: undefined
[2014-12-01 16:27:27.610] [INFO] pomelo - [32m[/Users/bob/personal_repos/AirlineHumanResourceManagement/message-push-service/game-server/node_modules/pomelo/lib/application.js] [39mapplication inited: "geo-server-1"
[2014-12-01 16:27:28.260] [INFO] pomelo - [32m[/Users/bob/personal_repos/AirlineHumanResourceManagement/message-push-service/game-server/node_modules/pomelo/lib/application.js] [39m"geo-server-1" enter after start...
[2014-12-01 16:27:28.262] [INFO] pomelo - [32m[/Users/bob/personal_repos/AirlineHumanResourceManagement/message-push-service/game-server/node_modules/pomelo/lib/application.js] [39m"geo-server-1" finish start
[2014-12-01 16:27:28.263] [INFO] pomelo - [32m[/Users/bob/personal_repos/AirlineHumanResourceManagement/message-push-service/game-server/node_modules/pomelo/lib/application.js] [39m"geo-server-1" startup in 642 ms
[2014-12-01 16:27:28.268] [DEBUG] pomelo - [36m[/Users/bob/personal_repos/AirlineHumanResourceManagement/message-push-service/game-server/node_modules/pomelo/lib/modules/monitorwatcher.js] [39m[geo-server-1] receive addServer signal: {"action":"addServer","server":{"main":"/Users/bob/personal_repos/AirlineHumanResourceManagement/message-push-service/game-server/app.js","env":"development","id":"message-server-1","host":"127.0.0.1","port":9929,"serverType":"message","pid":7178}}
[2014-12-01 16:27:28.305] [DEBUG] pomelo - [36m[/Users/bob/personal_repos/AirlineHumanResourceManagement/message-push-service/game-server/node_modules/pomelo/lib/modules/monitorwatcher.js] [39m[geo-server-1] receive addServer signal: {"action":"addServer","server":{"main":"/Users/bob/personal_repos/AirlineHumanResourceManagement/message-push-service/game-server/app.js","env":"development","id":"connector-server-1","host":"127.0.0.1","port":9928,"clientPort":9927,"frontend":"true","serverType":"connector","pid":7177}}
[2014-12-01 16:31:18.916] [INFO] pomelo - [32m[/Users/bob/personal_repos/AirlineHumanResourceManagement/message-push-service/game-server/node_modules/pomelo/lib/application.js] [39mapplication inited: "geo-server-1"
[2014-12-01 16:31:19.593] [INFO] pomelo - [32m[/Users/bob/personal_repos/AirlineHumanResourceManagement/message-push-service/game-server/node_modules/pomelo/lib/application.js] [39m"geo-server-1" enter after start...
[2014-12-01 16:31:19.595] [INFO] pomelo - [32m[/Users/bob/personal_repos/AirlineHumanResourceManagement/message-push-service/game-server/node_modules/pomelo/lib/application.js] [39m"geo-server-1" finish start
[2014-12-01 16:31:19.596] [INFO] pomelo - [32m[/Users/bob/personal_repos/AirlineHumanResourceManagement/message-push-service/game-server/node_modules/pomelo/lib/application.js] [39m"geo-server-1" startup in 668 ms
[2014-12-01 16:34:04.035] [INFO] pomelo - [32m[/Users/bob/personal_repos/AirlineHumanResourceManagement/message-push-service/game-server/node_modules/pomelo/lib/application.js] [39mapplication inited: "geo-server-1"
[2014-12-01 16:34:04.714] [INFO] pomelo - [32m[/Users/bob/personal_repos/AirlineHumanResourceManagement/message-push-service/game-server/node_modules/pomelo/lib/application.js] [39m"geo-server-1" enter after start...
[2014-12-01 16:34:04.716] [INFO] pomelo - [32m[/Users/bob/personal_repos/AirlineHumanResourceManagement/message-push-service/game-server/node_modules/pomelo/lib/application.js] [39m"geo-server-1" finish start
[2014-12-01 16:34:04.717] [INFO] pomelo - [32m[/Users/bob/personal_repos/AirlineHumanResourceManagement/message-push-service/game-server/node_modules/pomelo/lib/application.js] [39m"geo-server-1" startup in 667 ms
[2014-12-01 16:34:04.719] [DEBUG] pomelo - [36m[/Users/bob/personal_repos/AirlineHumanResourceManagement/message-push-service/game-server/node_modules/pomelo/lib/modules/monitorwatcher.js] [39m[geo-server-1] receive addServer signal: {"action":"addServer","server":{"main":"/Users/bob/personal_repos/AirlineHumanResourceManagement/message-push-service/game-server/app.js","env":"development","id":"connector-server-1","host":"127.0.0.1","port":9928,"clientPort":9927,"frontend":"true","serverType":"connector","pid":7239}}
[2014-12-01 16:35:33.333] [INFO] pomelo - [32m[/Users/bob/personal_repos/AirlineHumanResourceManagement/message-push-service/game-server/node_modules/pomelo/lib/application.js] [39mapplication inited: "geo-server-1"
[2014-12-01 16:35:34.222] [INFO] pomelo - [32m[/Users/bob/personal_repos/AirlineHumanResourceManagement/message-push-service/game-server/node_modules/pomelo/lib/application.js] [39m"geo-server-1" enter after start...
[2014-12-01 16:35:34.224] [INFO] pomelo - [32m[/Users/bob/personal_repos/AirlineHumanResourceManagement/message-push-service/game-server/node_modules/pomelo/lib/application.js] [39m"geo-server-1" finish start
[2014-12-01 16:35:34.225] [INFO] pomelo - [32m[/Users/bob/personal_repos/AirlineHumanResourceManagement/message-push-service/game-server/node_modules/pomelo/lib/application.js] [39m"geo-server-1" startup in 879 ms
[2014-12-01 16:35:34.238] [DEBUG] pomelo - [36m[/Users/bob/personal_repos/AirlineHumanResourceManagement/message-push-service/game-server/node_modules/pomelo/lib/modules/monitorwatcher.js] [39m[geo-server-1] receive addServer signal: {"action":"addServer","server":{"main":"/Users/bob/personal_repos/AirlineHumanResourceManagement/message-push-service/game-server/app.js","env":"development","id":"message-server-1","host":"127.0.0.1","port":9929,"serverType":"message","pid":7261}}
[2014-12-01 16:36:41.109] [INFO] pomelo - [32m[/Users/bob/personal_repos/AirlineHumanResourceManagement/message-push-service/game-server/node_modules/pomelo/lib/application.js] [39mapplication inited: "geo-server-1"
[2014-12-01 16:36:41.797] [INFO] pomelo - [32m[/Users/bob/personal_repos/AirlineHumanResourceManagement/message-push-service/game-server/node_modules/pomelo/lib/application.js] [39m"geo-server-1" enter after start...
[2014-12-01 16:36:41.799] [INFO] pomelo - [32m[/Users/bob/personal_repos/AirlineHumanResourceManagement/message-push-service/game-server/node_modules/pomelo/lib/application.js] [39m"geo-server-1" finish start
[2014-12-01 16:36:41.799] [INFO] pomelo - [32m[/Users/bob/personal_repos/AirlineHumanResourceManagement/message-push-service/game-server/node_modules/pomelo/lib/application.js] [39m"geo-server-1" startup in 673 ms
[2014-12-01 16:37:30.559] [INFO] pomelo - [32m[/Users/bob/personal_repos/AirlineHumanResourceManagement/message-push-service/game-server/node_modules/pomelo/lib/application.js] [39mapplication inited: "geo-server-1"
[2014-12-01 16:37:31.238] [INFO] pomelo - [32m[/Users/bob/personal_repos/AirlineHumanResourceManagement/message-push-service/game-server/node_modules/pomelo/lib/application.js] [39m"geo-server-1" enter after start...
[2014-12-01 16:37:31.240] [INFO] pomelo - [32m[/Users/bob/personal_repos/AirlineHumanResourceManagement/message-push-service/game-server/node_modules/pomelo/lib/application.js] [39m"geo-server-1" finish start
[2014-12-01 16:37:31.240] [INFO] pomelo - [32m[/Users/bob/personal_repos/AirlineHumanResourceManagement/message-push-service/game-server/node_modules/pomelo/lib/application.js] [39m"geo-server-1" startup in 668 ms
[2014-12-01 16:37:52.957] [INFO] pomelo - [32m[/Users/bob/personal_repos/AirlineHumanResourceManagement/message-push-service/game-server/node_modules/pomelo/lib/application.js] [39mapplication inited: "geo-server-1"
[2014-12-01 16:37:53.828] [INFO] pomelo - [32m[/Users/bob/personal_repos/AirlineHumanResourceManagement/message-push-service/game-server/node_modules/pomelo/lib/application.js] [39m"geo-server-1" enter after start...
[2014-12-01 16:37:53.832] [INFO] pomelo - [32m[/Users/bob/personal_repos/AirlineHumanResourceManagement/message-push-service/game-server/node_modules/pomelo/lib/application.js] [39m"geo-server-1" finish start
[2014-12-01 16:37:53.832] [INFO] pomelo - [32m[/Users/bob/personal_repos/AirlineHumanResourceManagement/message-push-service/game-server/node_modules/pomelo/lib/application.js] [39m"geo-server-1" startup in 863 ms
[2014-12-01 16:37:53.838] [DEBUG] pomelo - [36m[/Users/bob/personal_repos/AirlineHumanResourceManagement/message-push-service/game-server/node_modules/pomelo/lib/modules/monitorwatcher.js] [39m[geo-server-1] receive addServer signal: {"action":"addServer","server":{"main":"/Users/bob/personal_repos/AirlineHumanResourceManagement/message-push-service/game-server/app.js","env":"development","id":"connector-server-1","host":"127.0.0.1","port":9928,"clientPort":9927,"frontend":"true","serverType":"connector","pid":7321}}
[2014-12-01 16:38:19.880] [INFO] pomelo - [32m[/Users/bob/personal_repos/AirlineHumanResourceManagement/message-push-service/game-server/node_modules/pomelo/lib/application.js] [39mapplication inited: "geo-server-1"
[2014-12-01 16:38:20.614] [INFO] pomelo - [32m[/Users/bob/personal_repos/AirlineHumanResourceManagement/message-push-service/game-server/node_modules/pomelo/lib/application.js] [39m"geo-server-1" enter after start...
[2014-12-01 16:38:20.616] [INFO] pomelo - [32m[/Users/bob/personal_repos/AirlineHumanResourceManagement/message-push-service/game-server/node_modules/pomelo/lib/application.js] [39m"geo-server-1" finish start
[2014-12-01 16:38:20.617] [INFO] pomelo - [32m[/Users/bob/personal_repos/AirlineHumanResourceManagement/message-push-service/game-server/node_modules/pomelo/lib/application.js] [39m"geo-server-1" startup in 720 ms
[2014-12-01 16:39:53.837] [INFO] pomelo - [32m[/Users/bob/personal_repos/AirlineHumanResourceManagement/message-push-service/game-server/node_modules/pomelo/lib/application.js] [39mapplication inited: "geo-server-1"
[2014-12-01 16:39:54.529] [INFO] pomelo - [32m[/Users/bob/personal_repos/AirlineHumanResourceManagement/message-push-service/game-server/node_modules/pomelo/lib/application.js] [39m"geo-server-1" enter after start...
[2014-12-01 16:39:54.531] [INFO] pomelo - [32m[/Users/bob/personal_repos/AirlineHumanResourceManagement/message-push-service/game-server/node_modules/pomelo/lib/application.js] [39m"geo-server-1" finish start
[2014-12-01 16:39:54.532] [INFO] pomelo - [32m[/Users/bob/personal_repos/AirlineHumanResourceManagement/message-push-service/game-server/node_modules/pomelo/lib/application.js] [39m"geo-server-1" startup in 684 ms
[2014-12-01 16:39:54.539] [DEBUG] pomelo - [36m[/Users/bob/personal_repos/AirlineHumanResourceManagement/message-push-service/game-server/node_modules/pomelo/lib/modules/monitorwatcher.js] [39m[geo-server-1] receive addServer signal: {"action":"addServer","server":{"main":"/Users/bob/personal_repos/AirlineHumanResourceManagement/message-push-service/game-server/app.js","env":"development","id":"message-server-1","host":"127.0.0.1","port":9929,"serverType":"message","pid":7361}}
[2014-12-01 16:40:15.527] [INFO] pomelo - [32m[/Users/bob/personal_repos/AirlineHumanResourceManagement/message-push-service/game-server/node_modules/pomelo/lib/application.js] [39mapplication inited: "geo-server-1"
[2014-12-01 16:40:16.442] [INFO] pomelo - [32m[/Users/bob/personal_repos/AirlineHumanResourceManagement/message-push-service/game-server/node_modules/pomelo/lib/application.js] [39m"geo-server-1" enter after start...
[2014-12-01 16:40:16.443] [INFO] pomelo - [32m[/Users/bob/personal_repos/AirlineHumanResourceManagement/message-push-service/game-server/node_modules/pomelo/lib/application.js] [39m"geo-server-1" finish start
[2014-12-01 16:40:16.444] [INFO] pomelo - [32m[/Users/bob/personal_repos/AirlineHumanResourceManagement/message-push-service/game-server/node_modules/pomelo/lib/application.js] [39m"geo-server-1" startup in 898 ms
[2014-12-01 16:40:16.456] [DEBUG] pomelo - [36m[/Users/bob/personal_repos/AirlineHumanResourceManagement/message-push-service/game-server/node_modules/pomelo/lib/modules/monitorwatcher.js] [39m[geo-server-1] receive addServer signal: {"action":"addServer","server":{"main":"/Users/bob/personal_repos/AirlineHumanResourceManagement/message-push-service/game-server/app.js","env":"development","id":"connector-server-1","host":"127.0.0.1","port":9928,"clientPort":9927,"frontend":"true","serverType":"connector","pid":7377}}
[2014-12-01 16:40:56.166] [INFO] pomelo - [32m[/Users/bob/personal_repos/AirlineHumanResourceManagement/message-push-service/game-server/node_modules/pomelo/lib/application.js] [39mapplication inited: "geo-server-1"
[2014-12-01 16:40:56.842] [INFO] pomelo - [32m[/Users/bob/personal_repos/AirlineHumanResourceManagement/message-push-service/game-server/node_modules/pomelo/lib/application.js] [39m"geo-server-1" enter after start...
[2014-12-01 16:40:56.844] [INFO] pomelo - [32m[/Users/bob/personal_repos/AirlineHumanResourceManagement/message-push-service/game-server/node_modules/pomelo/lib/application.js] [39m"geo-server-1" finish start
[2014-12-01 16:40:56.845] [INFO] pomelo - [32m[/Users/bob/personal_repos/AirlineHumanResourceManagement/message-push-service/game-server/node_modules/pomelo/lib/application.js] [39m"geo-server-1" startup in 667 ms
[2014-12-01 16:40:56.847] [DEBUG] pomelo - [36m[/Users/bob/personal_repos/AirlineHumanResourceManagement/message-push-service/game-server/node_modules/pomelo/lib/modules/monitorwatcher.js] [39m[geo-server-1] receive addServer signal: {"action":"addServer","server":{"main":"/Users/bob/personal_repos/AirlineHumanResourceManagement/message-push-service/game-server/app.js","env":"development","id":"connector-server-1","host":"127.0.0.1","port":9928,"clientPort":9927,"frontend":"true","serverType":"connector","pid":7402}}
[2014-12-01 16:42:04.958] [INFO] pomelo - [32m[/Users/bob/personal_repos/AirlineHumanResourceManagement/message-push-service/game-server/node_modules/pomelo/lib/application.js] [39mapplication inited: "geo-server-1"
[2014-12-01 16:42:05.683] [INFO] pomelo - [32m[/Users/bob/personal_repos/AirlineHumanResourceManagement/message-push-service/game-server/node_modules/pomelo/lib/application.js] [39m"geo-server-1" enter after start...
[2014-12-01 16:42:05.686] [INFO] pomelo - [32m[/Users/bob/personal_repos/AirlineHumanResourceManagement/message-push-service/game-server/node_modules/pomelo/lib/application.js] [39m"geo-server-1" finish start
[2014-12-01 16:42:05.686] [INFO] pomelo - [32m[/Users/bob/personal_repos/AirlineHumanResourceManagement/message-push-service/game-server/node_modules/pomelo/lib/application.js] [39m"geo-server-1" startup in 715 ms
[2014-12-01 16:42:05.697] [DEBUG] pomelo - [36m[/Users/bob/personal_repos/AirlineHumanResourceManagement/message-push-service/game-server/node_modules/pomelo/lib/modules/monitorwatcher.js] [39m[geo-server-1] receive addServer signal: {"action":"addServer","server":{"main":"/Users/bob/personal_repos/AirlineHumanResourceManagement/message-push-service/game-server/app.js","env":"development","id":"connector-server-1","host":"127.0.0.1","port":9928,"clientPort":9927,"frontend":"true","serverType":"connector","pid":7422}}
[2014-12-01 16:42:40.634] [INFO] pomelo - [32m[/Users/bob/personal_repos/AirlineHumanResourceManagement/message-push-service/game-server/node_modules/pomelo/lib/application.js] [39mapplication inited: "geo-server-1"
[2014-12-01 16:42:41.283] [INFO] pomelo - [32m[/Users/bob/personal_repos/AirlineHumanResourceManagement/message-push-service/game-server/node_modules/pomelo/lib/application.js] [39m"geo-server-1" enter after start...
[2014-12-01 16:42:41.284] [INFO] pomelo - [32m[/Users/bob/personal_repos/AirlineHumanResourceManagement/message-push-service/game-server/node_modules/pomelo/lib/application.js] [39m"geo-server-1" finish start
[2014-12-01 16:42:41.285] [INFO] pomelo - [32m[/Users/bob/personal_repos/AirlineHumanResourceManagement/message-push-service/game-server/node_modules/pomelo/lib/application.js] [39m"geo-server-1" startup in 638 ms
[2014-12-01 16:42:41.318] [DEBUG] pomelo - [36m[/Users/bob/personal_repos/AirlineHumanResourceManagement/message-push-service/game-server/node_modules/pomelo/lib/modules/monitorwatcher.js] [39m[geo-server-1] receive addServer signal: {"action":"addServer","server":{"main":"/Users/bob/personal_repos/AirlineHumanResourceManagement/message-push-service/game-server/app.js","env":"development","id":"connector-server-1","host":"127.0.0.1","port":9928,"clientPort":9927,"frontend":"true","serverType":"connector","pid":7441}}
[2014-12-01 16:43:03.575] [INFO] pomelo - [32m[/Users/bob/personal_repos/AirlineHumanResourceManagement/message-push-service/game-server/node_modules/pomelo/lib/application.js] [39mapplication inited: "geo-server-1"
[2014-12-01 16:43:04.394] [INFO] pomelo - [32m[/Users/bob/personal_repos/AirlineHumanResourceManagement/message-push-service/game-server/node_modules/pomelo/lib/application.js] [39m"geo-server-1" enter after start...
[2014-12-01 16:43:04.396] [INFO] pomelo - [32m[/Users/bob/personal_repos/AirlineHumanResourceManagement/message-push-service/game-server/node_modules/pomelo/lib/application.js] [39m"geo-server-1" finish start
[2014-12-01 16:43:04.396] [INFO] pomelo - [32m[/Users/bob/personal_repos/AirlineHumanResourceManagement/message-push-service/game-server/node_modules/pomelo/lib/application.js] [39m"geo-server-1" startup in 808 ms
[2014-12-01 16:43:04.401] [DEBUG] pomelo - [36m[/Users/bob/personal_repos/AirlineHumanResourceManagement/message-push-service/game-server/node_modules/pomelo/lib/modules/monitorwatcher.js] [39m[geo-server-1] receive addServer signal: {"action":"addServer","server":{"main":"/Users/bob/personal_repos/AirlineHumanResourceManagement/message-push-service/game-server/app.js","env":"development","id":"connector-server-1","host":"127.0.0.1","port":9928,"clientPort":9927,"frontend":"true","serverType":"connector","pid":7458}}
[2014-12-01 16:55:58.118] [INFO] pomelo - [32m[/Users/bob/personal_repos/AirlineHumanResourceManagement/message-push-service/game-server/node_modules/pomelo/lib/application.js] [39mapplication inited: "geo-server-1"
[2014-12-01 16:55:58.784] [INFO] pomelo - [32m[/Users/bob/personal_repos/AirlineHumanResourceManagement/message-push-service/game-server/node_modules/pomelo/lib/application.js] [39m"geo-server-1" enter after start...
[2014-12-01 16:55:58.786] [INFO] pomelo - [32m[/Users/bob/personal_repos/AirlineHumanResourceManagement/message-push-service/game-server/node_modules/pomelo/lib/application.js] [39m"geo-server-1" finish start
[2014-12-01 16:55:58.786] [INFO] pomelo - [32m[/Users/bob/personal_repos/AirlineHumanResourceManagement/message-push-service/game-server/node_modules/pomelo/lib/application.js] [39m"geo-server-1" startup in 654 ms
[2014-12-01 16:56:23.525] [INFO] pomelo - [32m[/Users/bob/personal_repos/AirlineHumanResourceManagement/message-push-service/game-server/node_modules/pomelo/lib/application.js] [39mapplication inited: "geo-server-1"
[2014-12-01 16:56:24.185] [INFO] pomelo - [32m[/Users/bob/personal_repos/AirlineHumanResourceManagement/message-push-service/game-server/node_modules/pomelo/lib/application.js] [39m"geo-server-1" enter after start...
[2014-12-01 16:56:24.186] [INFO] pomelo - [32m[/Users/bob/personal_repos/AirlineHumanResourceManagement/message-push-service/game-server/node_modules/pomelo/lib/application.js] [39m"geo-server-1" finish start
[2014-12-01 16:56:24.187] [INFO] pomelo - [32m[/Users/bob/personal_repos/AirlineHumanResourceManagement/message-push-service/game-server/node_modules/pomelo/lib/application.js] [39m"geo-server-1" startup in 643 ms
[2014-12-01 16:56:24.190] [DEBUG] pomelo - [36m[/Users/bob/personal_repos/AirlineHumanResourceManagement/message-push-service/game-server/node_modules/pomelo/lib/modules/monitorwatcher.js] [39m[geo-server-1] receive addServer signal: {"action":"addServer","server":{"main":"/Users/bob/personal_repos/AirlineHumanResourceManagement/message-push-service/game-server/app.js","env":"development","id":"connector-server-1","host":"127.0.0.1","port":9928,"clientPort":9927,"frontend":"true","serverType":"connector","pid":7555}}
[2014-12-01 16:56:24.206] [DEBUG] pomelo - [36m[/Users/bob/personal_repos/AirlineHumanResourceManagement/message-push-service/game-server/node_modules/pomelo/lib/modules/monitorwatcher.js] [39m[geo-server-1] receive addServer signal: {"action":"addServer","server":{"main":"/Users/bob/personal_repos/AirlineHumanResourceManagement/message-push-service/game-server/app.js","env":"development","id":"message-server-1","host":"127.0.0.1","port":9929,"serverType":"message","pid":7556}}
[2014-12-01 16:57:27.103] [INFO] pomelo - [32m[/Users/bob/personal_repos/AirlineHumanResourceManagement/message-push-service/game-server/node_modules/pomelo/lib/application.js] [39mapplication inited: "geo-server-1"
[2014-12-01 16:57:27.757] [INFO] pomelo - [32m[/Users/bob/personal_repos/AirlineHumanResourceManagement/message-push-service/game-server/node_modules/pomelo/lib/application.js] [39m"geo-server-1" enter after start...
[2014-12-01 16:57:27.760] [INFO] pomelo - [32m[/Users/bob/personal_repos/AirlineHumanResourceManagement/message-push-service/game-server/node_modules/pomelo/lib/application.js] [39m"geo-server-1" finish start
[2014-12-01 16:57:27.761] [INFO] pomelo - [32m[/Users/bob/personal_repos/AirlineHumanResourceManagement/message-push-service/game-server/node_modules/pomelo/lib/application.js] [39m"geo-server-1" startup in 646 ms
[2014-12-01 16:57:27.763] [DEBUG] pomelo - [36m[/Users/bob/personal_repos/AirlineHumanResourceManagement/message-push-service/game-server/node_modules/pomelo/lib/modules/monitorwatcher.js] [39m[geo-server-1] receive addServer signal: {"action":"addServer","server":{"main":"/Users/bob/personal_repos/AirlineHumanResourceManagement/message-push-service/game-server/app.js","env":"development","id":"connector-server-1","host":"127.0.0.1","port":9928,"clientPort":9927,"frontend":"true","serverType":"connector","pid":7577}}
[2014-12-01 16:57:49.742] [INFO] pomelo - [32m[/Users/bob/personal_repos/AirlineHumanResourceManagement/message-push-service/game-server/node_modules/pomelo/lib/application.js] [39mapplication inited: "geo-server-1"
[2014-12-01 16:57:50.437] [INFO] pomelo - [32m[/Users/bob/personal_repos/AirlineHumanResourceManagement/message-push-service/game-server/node_modules/pomelo/lib/application.js] [39m"geo-server-1" enter after start...
[2014-12-01 16:57:50.440] [INFO] pomelo - [32m[/Users/bob/personal_repos/AirlineHumanResourceManagement/message-push-service/game-server/node_modules/pomelo/lib/application.js] [39m"geo-server-1" finish start
[2014-12-01 16:57:50.440] [INFO] pomelo - [32m[/Users/bob/personal_repos/AirlineHumanResourceManagement/message-push-service/game-server/node_modules/pomelo/lib/application.js] [39m"geo-server-1" startup in 684 ms
[2014-12-01 16:58:19.956] [INFO] pomelo - [32m[/Users/bob/personal_repos/AirlineHumanResourceManagement/message-push-service/game-server/node_modules/pomelo/lib/application.js] [39mapplication inited: "geo-server-1"
[2014-12-01 16:58:20.596] [INFO] pomelo - [32m[/Users/bob/personal_repos/AirlineHumanResourceManagement/message-push-service/game-server/node_modules/pomelo/lib/application.js] [39m"geo-server-1" enter after start...
[2014-12-01 16:58:20.598] [INFO] pomelo - [32m[/Users/bob/personal_repos/AirlineHumanResourceManagement/message-push-service/game-server/node_modules/pomelo/lib/application.js] [39m"geo-server-1" finish start
[2014-12-01 16:58:20.599] [INFO] pomelo - [32m[/Users/bob/personal_repos/AirlineHumanResourceManagement/message-push-service/game-server/node_modules/pomelo/lib/application.js] [39m"geo-server-1" startup in 630 ms
[2014-12-01 16:58:20.624] [DEBUG] pomelo - [36m[/Users/bob/personal_repos/AirlineHumanResourceManagement/message-push-service/game-server/node_modules/pomelo/lib/modules/monitorwatcher.js] [39m[geo-server-1] receive addServer signal: {"action":"addServer","server":{"main":"/Users/bob/personal_repos/AirlineHumanResourceManagement/message-push-service/game-server/app.js","env":"development","id":"message-server-1","host":"127.0.0.1","port":9929,"serverType":"message","pid":7611}}
[2014-12-01 16:58:20.632] [DEBUG] pomelo - [36m[/Users/bob/personal_repos/AirlineHumanResourceManagement/message-push-service/game-server/node_modules/pomelo/lib/modules/monitorwatcher.js] [39m[geo-server-1] receive addServer signal: {"action":"addServer","server":{"main":"/Users/bob/personal_repos/AirlineHumanResourceManagement/message-push-service/game-server/app.js","env":"development","id":"connector-server-1","host":"127.0.0.1","port":9928,"clientPort":9927,"frontend":"true","serverType":"connector","pid":7610}}
[2014-12-08 14:55:31.834] [INFO] pomelo - [32m[/Users/bob/personal_repos/AirlineHumanResourceManagement/message-push-service/game-server/node_modules/pomelo/lib/application.js] [39mapplication inited: "geo-server-1"
[2014-12-08 14:55:32.499] [INFO] pomelo - [32m[/Users/bob/personal_repos/AirlineHumanResourceManagement/message-push-service/game-server/node_modules/pomelo/lib/application.js] [39m"geo-server-1" enter after start...
[2014-12-08 14:55:32.503] [INFO] pomelo - [32m[/Users/bob/personal_repos/AirlineHumanResourceManagement/message-push-service/game-server/node_modules/pomelo/lib/application.js] [39m"geo-server-1" finish start
[2014-12-08 14:55:32.504] [INFO] pomelo - [32m[/Users/bob/personal_repos/AirlineHumanResourceManagement/message-push-service/game-server/node_modules/pomelo/lib/application.js] [39m"geo-server-1" startup in 658 ms
[2014-12-08 14:55:32.512] [DEBUG] pomelo - [36m[/Users/bob/personal_repos/AirlineHumanResourceManagement/message-push-service/game-server/node_modules/pomelo/lib/modules/monitorwatcher.js] [39m[geo-server-1] receive addServer signal: {"action":"addServer","server":{"main":"/Users/bob/personal_repos/AirlineHumanResourceManagement/message-push-service/game-server/app.js","env":"development","id":"connector-server-1","host":"127.0.0.1","port":9928,"clientPort":9927,"frontend":"true","serverType":"connector","pid":6024}}
[2014-12-08 17:06:50.741] [INFO] pomelo - [32m[/Users/bob/personal_repos/AirlineHumanResourceManagement/message-push-service/game-server/node_modules/pomelo/lib/application.js] [39mapplication inited: "geo-server-1"
[2014-12-08 17:06:51.629] [INFO] pomelo - [32m[/Users/bob/personal_repos/AirlineHumanResourceManagement/message-push-service/game-server/node_modules/pomelo/lib/application.js] [39m"geo-server-1" enter after start...
[2014-12-08 17:06:51.633] [INFO] pomelo - [32m[/Users/bob/personal_repos/AirlineHumanResourceManagement/message-push-service/game-server/node_modules/pomelo/lib/application.js] [39m"geo-server-1" finish start
[2014-12-08 17:06:51.633] [INFO] pomelo - [32m[/Users/bob/personal_repos/AirlineHumanResourceManagement/message-push-service/game-server/node_modules/pomelo/lib/application.js] [39m"geo-server-1" startup in 880 ms
[2014-12-08 17:06:51.640] [DEBUG] pomelo - [36m[/Users/bob/personal_repos/AirlineHumanResourceManagement/message-push-service/game-server/node_modules/pomelo/lib/modules/monitorwatcher.js] [39m[geo-server-1] receive addServer signal: {"action":"addServer","server":{"main":"/Users/bob/personal_repos/AirlineHumanResourceManagement/message-push-service/game-server/app.js","env":"development","id":"connector-server-1","host":"127.0.0.1","port":9928,"clientPort":9927,"frontend":"true","serverType":"connector","pid":10339}}
[2014-12-09 09:38:21.818] [INFO] pomelo - [32m[/Users/bob/personal_repos/AirlineHumanResourceManagement/message-push-service/game-server/node_modules/pomelo/lib/application.js] [39mapplication inited: "geo-server-1"
[2014-12-09 09:38:22.585] [INFO] pomelo - [32m[/Users/bob/personal_repos/AirlineHumanResourceManagement/message-push-service/game-server/node_modules/pomelo/lib/application.js] [39m"geo-server-1" enter after start...
[2014-12-09 09:38:22.588] [INFO] pomelo - [32m[/Users/bob/personal_repos/AirlineHumanResourceManagement/message-push-service/game-server/node_modules/pomelo/lib/application.js] [39m"geo-server-1" finish start
[2014-12-09 09:38:22.589] [INFO] pomelo - [32m[/Users/bob/personal_repos/AirlineHumanResourceManagement/message-push-service/game-server/node_modules/pomelo/lib/application.js] [39m"geo-server-1" startup in 756 ms
[2014-12-09 09:38:22.609] [DEBUG] pomelo - [36m[/Users/bob/personal_repos/AirlineHumanResourceManagement/message-push-service/game-server/node_modules/pomelo/lib/modules/monitorwatcher.js] [39m[geo-server-1] receive addServer signal: {"action":"addServer","server":{"main":"/Users/bob/personal_repos/AirlineHumanResourceManagement/message-push-service/game-server/app.js","env":"development","id":"connector-server-1","host":"127.0.0.1","port":9928,"clientPort":9927,"frontend":"true","serverType":"connector","pid":17256}}
[2014-12-09 09:38:22.692] [DEBUG] pomelo - [36m[/Users/bob/personal_repos/AirlineHumanResourceManagement/message-push-service/game-server/node_modules/pomelo/lib/modules/monitorwatcher.js] [39m[geo-server-1] receive addServer signal: {"action":"addServer","server":{"main":"/Users/bob/personal_repos/AirlineHumanResourceManagement/message-push-service/game-server/app.js","env":"development","id":"message-server-1","host":"127.0.0.1","port":9929,"serverType":"message","pid":17257}}
[2014-12-09 15:34:01.818] [INFO] pomelo - [32m[/Users/bob/personal_repos/AirlineHumanResourceManagement/message-push-service/game-server/node_modules/pomelo/lib/application.js] [39mapplication inited: "geo-server-1"
[2014-12-09 15:34:02.485] [INFO] pomelo - [32m[/Users/bob/personal_repos/AirlineHumanResourceManagement/message-push-service/game-server/node_modules/pomelo/lib/application.js] [39m"geo-server-1" enter after start...
[2014-12-09 15:34:02.487] [INFO] pomelo - [32m[/Users/bob/personal_repos/AirlineHumanResourceManagement/message-push-service/game-server/node_modules/pomelo/lib/application.js] [39m"geo-server-1" finish start
[2014-12-09 15:34:02.487] [INFO] pomelo - [32m[/Users/bob/personal_repos/AirlineHumanResourceManagement/message-push-service/game-server/node_modules/pomelo/lib/application.js] [39m"geo-server-1" startup in 656 ms
[2014-12-10 11:22:43.543] [INFO] pomelo - [32m[/Users/bob/personal_repos/AirlineHumanResourceManagement/message-push-service/game-server/node_modules/pomelo/lib/application.js] [39mapplication inited: "geo-server-1"
[2014-12-10 11:22:44.260] [INFO] pomelo - [32m[/Users/bob/personal_repos/AirlineHumanResourceManagement/message-push-service/game-server/node_modules/pomelo/lib/application.js] [39m"geo-server-1" enter after start...
[2014-12-10 11:22:44.262] [INFO] pomelo - [32m[/Users/bob/personal_repos/AirlineHumanResourceManagement/message-push-service/game-server/node_modules/pomelo/lib/application.js] [39m"geo-server-1" finish start
[2014-12-10 11:22:44.262] [INFO] pomelo - [32m[/Users/bob/personal_repos/AirlineHumanResourceManagement/message-push-service/game-server/node_modules/pomelo/lib/application.js] [39m"geo-server-1" startup in 706 ms
[2014-12-10 11:22:44.307] [DEBUG] pomelo - [36m[/Users/bob/personal_repos/AirlineHumanResourceManagement/message-push-service/game-server/node_modules/pomelo/lib/modules/monitorwatcher.js] [39m[geo-server-1] receive addServer signal: {"action":"addServer","server":{"main":"/Users/bob/personal_repos/AirlineHumanResourceManagement/message-push-service/game-server/app.js","env":"development","id":"message-server-1","host":"127.0.0.1","port":9929,"serverType":"message","pid":31971}}
